<?xml version="1.0" encoding="UTF-8"?>
<!-- Generated by org.testng.reporters.JUnitReportReporter -->
<testsuite hostname="kNadia-device" failures="0" tests="8" name="com.tutorials.qa.testcases.LoginTest" time="41.054" errors="0" timestamp="2023-04-26T11:27:02 EDT" skipped="0">
  <testcase classname="com.tutorials.qa.testcases.LoginTest" name="verifyLoggingIntoTheApplicationUsingValidCredentials" time="5.058"/>
  <system-out/>
  <testcase classname="com.tutorials.qa.testcases.LoginTest" name="verifyLoggingIntoTheApplicationUsingValidCredentials" time="4.882"/>
  <system-out/>
  <testcase classname="com.tutorials.qa.testcases.LoginTest" name="verifyLoggingIntoTheApplicationUsingValidCredentials" time="5.345"/>
  <system-out/>
  <testcase classname="com.tutorials.qa.testcases.LoginTest" name="verifyLoggingIntoTheApplicationUsingInvalidCredentials" time="6.071"/>
  <system-out/>
  <testcase classname="com.tutorials.qa.testcases.LoginTest" name="verifyLoggingIntoTheApplicationUsingInvalidEmailAddressAndValidPassword" time="4.875"/>
  <system-out/>
  <testcase classname="com.tutorials.qa.testcases.LoginTest" name="verifyLoggingIntoTheApplicationUsingValidEmailAddressAndInvalidPassword" time="4.789"/>
  <system-out/>
  <testcase classname="com.tutorials.qa.testcases.LoginTest" name="VerifyLoggingIntoTheApplicationWithoutProvidingAnyCredentials" time="4.512"/>
  <system-out/>
  <testcase classname="com.tutorials.qa.testcases.LoginTest" name="VerifyForgottenPasswordlinkIsAvailableInTheLoginPageAndIsWorking" time="5.522"/>
  <system-out/>
</testsuite> <!-- com.tutorials.qa.testcases.LoginTest -->
