<?xml version="1.0" encoding="UTF-8"?>
<!-- Generated by org.testng.reporters.JUnitReportReporter -->
<testsuite skipped="0" hostname="kNadia-device" name="com.tutorials.qa.testcases.LoginTest" tests="8" failures="0" timestamp="2023-04-24T15:16:51 EDT" time="43.474" errors="0">
  <testcase name="verifyLoggingIntoTheApplicationUsingValidCredentials" time="5.777" classname="com.tutorials.qa.testcases.LoginTest"/>
  <system-out/>
  <testcase name="verifyLoggingIntoTheApplicationUsingValidCredentials" time="5.469" classname="com.tutorials.qa.testcases.LoginTest"/>
  <system-out/>
  <testcase name="verifyLoggingIntoTheApplicationUsingValidCredentials" time="5.437" classname="com.tutorials.qa.testcases.LoginTest"/>
  <system-out/>
  <testcase name="verifyLoggingIntoTheApplicationUsingInvalidCredentials" time="5.175" classname="com.tutorials.qa.testcases.LoginTest"/>
  <system-out/>
  <testcase name="verifyLoggingIntoTheApplicationUsingInvalidEmailAddressAndValidPassword" time="6.519" classname="com.tutorials.qa.testcases.LoginTest"/>
  <system-out/>
  <testcase name="verifyLoggingIntoTheApplicationUsingValidEmailAddressAndInvalidPassword" time="5.305" classname="com.tutorials.qa.testcases.LoginTest"/>
  <system-out/>
  <testcase name="VerifyLoggingIntoTheApplicationWithoutProvidingAnyCredentials" time="4.805" classname="com.tutorials.qa.testcases.LoginTest"/>
  <system-out/>
  <testcase name="VerifyForgottenPasswordlinkIsAvailableInTheLoginPageAndIsWorking" time="4.987" classname="com.tutorials.qa.testcases.LoginTest"/>
  <system-out/>
</testsuite> <!-- com.tutorials.qa.testcases.LoginTest -->
